[ 2017-01-05T09:21:27+08:00 ] 10.32.32.29 /topNew/
INFO: [ app_init ] --START--
INFO: Run Behavior\BuildLiteBehavior [ RunTime:0.000024s ]
INFO: [ app_init ] --END-- [ RunTime:0.000483s ]
INFO: [ app_begin ] --START--
INFO: Run Behavior\ReadHtmlCacheBehavior [ RunTime:0.000601s ]
INFO: [ app_begin ] --END-- [ RunTime:0.000698s ]

[ 2017-01-05T09:21:27+08:00 ] 10.32.32.29 /topNew/Login/login.html
INFO: [ app_init ] --START--
INFO: Run Behavior\BuildLiteBehavior [ RunTime:0.000023s ]
INFO: [ app_init ] --END-- [ RunTime:0.000517s ]
INFO: [ app_begin ] --START--
INFO: Run Behavior\ReadHtmlCacheBehavior [ RunTime:0.000531s ]
INFO: [ app_begin ] --END-- [ RunTime:0.000625s ]
INFO: [ view_parse ] --START--
INFO: [ template_filter ] --START--
INFO: Run Behavior\ContentReplaceBehavior [ RunTime:0.000069s ]
INFO: [ template_filter ] --END-- [ RunTime:0.000162s ]
INFO: Run Behavior\ParseTemplateBehavior [ RunTime:0.006761s ]
INFO: [ view_parse ] --END-- [ RunTime:0.006850s ]
INFO: [ view_filter ] --START--
INFO: Run Behavior\WriteHtmlCacheBehavior [ RunTime:0.000245s ]
INFO: [ view_filter ] --END-- [ RunTime:0.000316s ]
INFO: [ app_end ] --START--
INFO: Run Behavior\ShowPageTraceBehavior [ RunTime:0.000585s ]
INFO: [ app_end ] --END-- [ RunTime:0.000662s ]

[ 2017-01-05T09:21:36+08:00 ] 10.32.32.29 /topNew/Login/dologin.html
INFO: [ app_init ] --START--
INFO: Run Behavior\BuildLiteBehavior [ RunTime:0.000024s ]
INFO: [ app_init ] --END-- [ RunTime:0.000448s ]
INFO: [ app_begin ] --START--
INFO: Run Behavior\ReadHtmlCacheBehavior [ RunTime:0.000555s ]
INFO: [ app_begin ] --END-- [ RunTime:0.000651s ]
SQL: SHOW COLUMNS FROM `info_admin` [ RunTime:0.0024s ]
SQL: SELECT * FROM `info_admin` WHERE `nickname` = 'cotbjhy' AND `password` = '14e1b600b1fd579f47433b88e8d85291' LIMIT 1   [ RunTime:0.0266s ]

[ 2017-01-05T09:21:36+08:00 ] 10.32.32.29 /topNew/Planjhy/index.html
INFO: [ app_init ] --START--
INFO: Run Behavior\BuildLiteBehavior [ RunTime:0.000022s ]
INFO: [ app_init ] --END-- [ RunTime:0.000430s ]
INFO: [ app_begin ] --START--
INFO: Run Behavior\ReadHtmlCacheBehavior [ RunTime:0.000575s ]
INFO: [ app_begin ] --END-- [ RunTime:0.000667s ]
NOTIC: [2048] Declaration of Home\Controller\PlanjhyController::index() should be compatible with that of Home\Controller\BaseController::index() /home/wwwroot/default/topNew/Application/Home/Controller/PlanjhyController.class.php 第 4 行.
NOTIC: [2048] Declaration of Home\Controller\PlanjhyController::delete() should be compatible with that of Home\Controller\BaseController::delete() /home/wwwroot/default/topNew/Application/Home/Controller/PlanjhyController.class.php 第 4 行.
INFO: [ view_parse ] --START--
INFO: [ template_filter ] --START--
INFO: Run Behavior\ContentReplaceBehavior [ RunTime:0.000136s ]
INFO: [ template_filter ] --END-- [ RunTime:0.000229s ]
INFO: Run Behavior\ParseTemplateBehavior [ RunTime:0.178049s ]
INFO: [ view_parse ] --END-- [ RunTime:0.178145s ]
INFO: [ view_filter ] --START--
INFO: Run Behavior\WriteHtmlCacheBehavior [ RunTime:0.000246s ]
INFO: [ view_filter ] --END-- [ RunTime:0.000322s ]
INFO: [ app_end ] --START--
INFO: Run Behavior\ShowPageTraceBehavior [ RunTime:0.000539s ]
INFO: [ app_end ] --END-- [ RunTime:0.000622s ]

[ 2017-01-05T09:22:03+08:00 ] 10.32.32.29 /topNew/Planjhy/user.html
INFO: [ app_init ] --START--
INFO: Run Behavior\BuildLiteBehavior [ RunTime:0.000025s ]
INFO: [ app_init ] --END-- [ RunTime:0.000475s ]
INFO: [ app_begin ] --START--
INFO: Run Behavior\ReadHtmlCacheBehavior [ RunTime:0.000537s ]
INFO: [ app_begin ] --END-- [ RunTime:0.000631s ]
NOTIC: [2048] Declaration of Home\Controller\PlanjhyController::index() should be compatible with that of Home\Controller\BaseController::index() /home/wwwroot/default/topNew/Application/Home/Controller/PlanjhyController.class.php 第 4 行.
NOTIC: [2048] Declaration of Home\Controller\PlanjhyController::delete() should be compatible with that of Home\Controller\BaseController::delete() /home/wwwroot/default/topNew/Application/Home/Controller/PlanjhyController.class.php 第 4 行.
SQL: SHOW COLUMNS FROM `info_admin` [ RunTime:0.0017s ]
SQL: SELECT * FROM `info_admin` WHERE `if_delete` = 0 AND `user_department` = 'COT部' ORDER BY id desc  [ RunTime:0.0036s ]
SQL: SELECT * FROM `info_admin` WHERE `if_delete` = 1 AND `user_department` = 'COT部' ORDER BY id desc  [ RunTime:0.0024s ]
SQL: SELECT * FROM `info_admin` WHERE `user_department` = 'COT部'  [ RunTime:0.0024s ]
SQL: SELECT * FROM `info_admin` WHERE `id_level` = 4 AND `user_department` = 'COT部'  [ RunTime:0.0022s ]
INFO: [ view_parse ] --START--
INFO: [ template_filter ] --START--
INFO: Run Behavior\ContentReplaceBehavior [ RunTime:0.000269s ]
INFO: [ template_filter ] --END-- [ RunTime:0.000364s ]
INFO: Run Behavior\ParseTemplateBehavior [ RunTime:0.032228s ]
INFO: [ view_parse ] --END-- [ RunTime:0.032329s ]
INFO: [ view_filter ] --START--
INFO: Run Behavior\WriteHtmlCacheBehavior [ RunTime:0.000233s ]
INFO: [ view_filter ] --END-- [ RunTime:0.000311s ]
INFO: [ app_end ] --START--
INFO: Run Behavior\ShowPageTraceBehavior [ RunTime:0.000621s ]
INFO: [ app_end ] --END-- [ RunTime:0.000706s ]

[ 2017-01-05T09:22:07+08:00 ] 10.32.32.29 /topNew/user/pass.html
INFO: [ app_init ] --START--
INFO: Run Behavior\BuildLiteBehavior [ RunTime:0.000024s ]
INFO: [ app_init ] --END-- [ RunTime:0.000463s ]
INFO: [ app_begin ] --START--
INFO: Run Behavior\ReadHtmlCacheBehavior [ RunTime:0.000528s ]
INFO: [ app_begin ] --END-- [ RunTime:0.000619s ]
NOTIC: [2048] Declaration of Home\Controller\UserController::index() should be compatible with that of Home\Controller\BaseController::index() /home/wwwroot/default/topNew/Application/Home/Controller/UserController.class.php 第 4 行.
INFO: [ view_parse ] --START--
INFO: [ template_filter ] --START--
INFO: Run Behavior\ContentReplaceBehavior [ RunTime:0.000231s ]
INFO: [ template_filter ] --END-- [ RunTime:0.000330s ]
INFO: Run Behavior\ParseTemplateBehavior [ RunTime:0.240939s ]
INFO: [ view_parse ] --END-- [ RunTime:0.241045s ]
INFO: [ view_filter ] --START--
INFO: Run Behavior\WriteHtmlCacheBehavior [ RunTime:0.000230s ]
INFO: [ view_filter ] --END-- [ RunTime:0.000304s ]
INFO: [ app_end ] --START--
INFO: Run Behavior\ShowPageTraceBehavior [ RunTime:0.000545s ]
INFO: [ app_end ] --END-- [ RunTime:0.000634s ]

[ 2017-01-05T09:22:12+08:00 ] 10.32.32.29 /topNew/Planjhy/user.html
INFO: [ app_init ] --START--
INFO: Run Behavior\BuildLiteBehavior [ RunTime:0.000024s ]
INFO: [ app_init ] --END-- [ RunTime:0.000462s ]
INFO: [ app_begin ] --START--
INFO: Run Behavior\ReadHtmlCacheBehavior [ RunTime:0.000543s ]
INFO: [ app_begin ] --END-- [ RunTime:0.000633s ]
NOTIC: [2048] Declaration of Home\Controller\PlanjhyController::index() should be compatible with that of Home\Controller\BaseController::index() /home/wwwroot/default/topNew/Application/Home/Controller/PlanjhyController.class.php 第 4 行.
NOTIC: [2048] Declaration of Home\Controller\PlanjhyController::delete() should be compatible with that of Home\Controller\BaseController::delete() /home/wwwroot/default/topNew/Application/Home/Controller/PlanjhyController.class.php 第 4 行.
SQL: SHOW COLUMNS FROM `info_admin` [ RunTime:0.0016s ]
SQL: SELECT * FROM `info_admin` WHERE `if_delete` = 0 AND `user_department` = 'COT部' ORDER BY id desc  [ RunTime:0.0030s ]
SQL: SELECT * FROM `info_admin` WHERE `if_delete` = 1 AND `user_department` = 'COT部' ORDER BY id desc  [ RunTime:0.0027s ]
SQL: SELECT * FROM `info_admin` WHERE `user_department` = 'COT部'  [ RunTime:0.0024s ]
SQL: SELECT * FROM `info_admin` WHERE `id_level` = 4 AND `user_department` = 'COT部'  [ RunTime:0.0022s ]
INFO: [ view_parse ] --START--
INFO: [ template_filter ] --START--
INFO: Run Behavior\ContentReplaceBehavior [ RunTime:0.000243s ]
INFO: [ template_filter ] --END-- [ RunTime:0.000340s ]
INFO: Run Behavior\ParseTemplateBehavior [ RunTime:0.032015s ]
INFO: [ view_parse ] --END-- [ RunTime:0.032112s ]
INFO: [ view_filter ] --START--
INFO: Run Behavior\WriteHtmlCacheBehavior [ RunTime:0.000235s ]
INFO: [ view_filter ] --END-- [ RunTime:0.000316s ]
INFO: [ app_end ] --START--
INFO: Run Behavior\ShowPageTraceBehavior [ RunTime:0.000720s ]
INFO: [ app_end ] --END-- [ RunTime:0.000808s ]

